Compiling the C compiler identification source file "CMakeCCompilerId.c" failed.
Compiler: arm-none-eabi-gcc -fdata-sections;-ffunction-sections;--specs=nano.specs;-Wl,--gc-sections
Build flags: 
Id flags:  

The output was:
The system cannot find the file specified


Compiling the C compiler identification source file "CMakeCCompilerId.c" failed.
Compiler: arm-none-eabi-gcc -fdata-sections;-ffunction-sections;--specs=nano.specs;-Wl,--gc-sections
Build flags: 
Id flags: -c 

The output was:
The system cannot find the file specified


Compiling the C compiler identification source file "CMakeCCompilerId.c" failed.
Compiler: arm-none-eabi-gcc -fdata-sections;-ffunction-sections;--specs=nano.specs;-Wl,--gc-sections
Build flags: 
Id flags: -Aa 

The output was:
The system cannot find the file specified


Compiling the C compiler identification source file "CMakeCCompilerId.c" failed.
Compiler: arm-none-eabi-gcc -fdata-sections;-ffunction-sections;--specs=nano.specs;-Wl,--gc-sections
Build flags: 
Id flags: -D__CLASSIC_C__ 

The output was:
The system cannot find the file specified


Compiling the C compiler identification source file "CMakeCCompilerId.c" failed.
Compiler: arm-none-eabi-gcc -fdata-sections;-ffunction-sections;--specs=nano.specs;-Wl,--gc-sections
Build flags: 
Id flags: --target=arm-arm-none-eabi;-mcpu=cortex-m3 

The output was:
The system cannot find the file specified


Compiling the C compiler identification source file "CMakeCCompilerId.c" failed.
Compiler: arm-none-eabi-gcc -fdata-sections;-ffunction-sections;--specs=nano.specs;-Wl,--gc-sections
Build flags: 
Id flags: -c;-I__does_not_exist__ 

The output was:
The system cannot find the file specified


Compiling the C compiler identification source file "CMakeCCompilerId.c" failed.
Compiler: arm-none-eabi-gcc -fdata-sections;-ffunction-sections;--specs=nano.specs;-Wl,--gc-sections
Build flags: 
Id flags:  

The output was:
The system cannot find the file specified


Compiling the C compiler identification source file "CMakeCCompilerId.c" failed.
Compiler: arm-none-eabi-gcc -fdata-sections;-ffunction-sections;--specs=nano.specs;-Wl,--gc-sections
Build flags: 
Id flags: -c 

The output was:
The system cannot find the file specified


Compiling the C compiler identification source file "CMakeCCompilerId.c" failed.
Compiler: arm-none-eabi-gcc -fdata-sections;-ffunction-sections;--specs=nano.specs;-Wl,--gc-sections
Build flags: 
Id flags: -Aa 

The output was:
The system cannot find the file specified


Compiling the C compiler identification source file "CMakeCCompilerId.c" failed.
Compiler: arm-none-eabi-gcc -fdata-sections;-ffunction-sections;--specs=nano.specs;-Wl,--gc-sections
Build flags: 
Id flags: -D__CLASSIC_C__ 

The output was:
The system cannot find the file specified


Compiling the C compiler identification source file "CMakeCCompilerId.c" failed.
Compiler: arm-none-eabi-gcc -fdata-sections;-ffunction-sections;--specs=nano.specs;-Wl,--gc-sections
Build flags: 
Id flags: --target=arm-arm-none-eabi;-mcpu=cortex-m3 

The output was:
The system cannot find the file specified


Compiling the C compiler identification source file "CMakeCCompilerId.c" failed.
Compiler: arm-none-eabi-gcc -fdata-sections;-ffunction-sections;--specs=nano.specs;-Wl,--gc-sections
Build flags: 
Id flags: -c;-I__does_not_exist__ 

The output was:
The system cannot find the file specified


Checking whether the C compiler is IAR using "" did not match "IAR .+ Compiler":
Checking whether the C compiler is IAR using "" did not match "IAR .+ Compiler":
Compiling the CXX compiler identification source file "CMakeCXXCompilerId.cpp" failed.
Compiler: arm-none-eabi-g++ -fdata-sections;-ffunction-sections;--specs=nano.specs;-Wl,--gc-sections;-fno-rtti;-fno-exceptions;-fno-threadsafe-statics
Build flags: 
Id flags:  

The output was:
The system cannot find the file specified


Compiling the CXX compiler identification source file "CMakeCXXCompilerId.cpp" failed.
Compiler: arm-none-eabi-g++ -fdata-sections;-ffunction-sections;--specs=nano.specs;-Wl,--gc-sections;-fno-rtti;-fno-exceptions;-fno-threadsafe-statics
Build flags: 
Id flags: -c 

The output was:
The system cannot find the file specified


Compiling the CXX compiler identification source file "CMakeCXXCompilerId.cpp" failed.
Compiler: arm-none-eabi-g++ -fdata-sections;-ffunction-sections;--specs=nano.specs;-Wl,--gc-sections;-fno-rtti;-fno-exceptions;-fno-threadsafe-statics
Build flags: 
Id flags: --c++ 

The output was:
The system cannot find the file specified


Compiling the CXX compiler identification source file "CMakeCXXCompilerId.cpp" failed.
Compiler: arm-none-eabi-g++ -fdata-sections;-ffunction-sections;--specs=nano.specs;-Wl,--gc-sections;-fno-rtti;-fno-exceptions;-fno-threadsafe-statics
Build flags: 
Id flags: --ec++ 

The output was:
The system cannot find the file specified


Compiling the CXX compiler identification source file "CMakeCXXCompilerId.cpp" failed.
Compiler: arm-none-eabi-g++ -fdata-sections;-ffunction-sections;--specs=nano.specs;-Wl,--gc-sections;-fno-rtti;-fno-exceptions;-fno-threadsafe-statics
Build flags: 
Id flags: --target=arm-arm-none-eabi;-mcpu=cortex-m3 

The output was:
The system cannot find the file specified


Compiling the CXX compiler identification source file "CMakeCXXCompilerId.cpp" failed.
Compiler: arm-none-eabi-g++ -fdata-sections;-ffunction-sections;--specs=nano.specs;-Wl,--gc-sections;-fno-rtti;-fno-exceptions;-fno-threadsafe-statics
Build flags: 
Id flags: -c;-I__does_not_exist__ 

The output was:
The system cannot find the file specified


Compiling the CXX compiler identification source file "CMakeCXXCompilerId.cpp" failed.
Compiler: arm-none-eabi-g++ -fdata-sections;-ffunction-sections;--specs=nano.specs;-Wl,--gc-sections;-fno-rtti;-fno-exceptions;-fno-threadsafe-statics
Build flags: 
Id flags:  

The output was:
The system cannot find the file specified


Compiling the CXX compiler identification source file "CMakeCXXCompilerId.cpp" failed.
Compiler: arm-none-eabi-g++ -fdata-sections;-ffunction-sections;--specs=nano.specs;-Wl,--gc-sections;-fno-rtti;-fno-exceptions;-fno-threadsafe-statics
Build flags: 
Id flags: -c 

The output was:
The system cannot find the file specified


Compiling the CXX compiler identification source file "CMakeCXXCompilerId.cpp" failed.
Compiler: arm-none-eabi-g++ -fdata-sections;-ffunction-sections;--specs=nano.specs;-Wl,--gc-sections;-fno-rtti;-fno-exceptions;-fno-threadsafe-statics
Build flags: 
Id flags: --c++ 

The output was:
The system cannot find the file specified


Compiling the CXX compiler identification source file "CMakeCXXCompilerId.cpp" failed.
Compiler: arm-none-eabi-g++ -fdata-sections;-ffunction-sections;--specs=nano.specs;-Wl,--gc-sections;-fno-rtti;-fno-exceptions;-fno-threadsafe-statics
Build flags: 
Id flags: --ec++ 

The output was:
The system cannot find the file specified


Compiling the CXX compiler identification source file "CMakeCXXCompilerId.cpp" failed.
Compiler: arm-none-eabi-g++ -fdata-sections;-ffunction-sections;--specs=nano.specs;-Wl,--gc-sections;-fno-rtti;-fno-exceptions;-fno-threadsafe-statics
Build flags: 
Id flags: --target=arm-arm-none-eabi;-mcpu=cortex-m3 

The output was:
The system cannot find the file specified


Compiling the CXX compiler identification source file "CMakeCXXCompilerId.cpp" failed.
Compiler: arm-none-eabi-g++ -fdata-sections;-ffunction-sections;--specs=nano.specs;-Wl,--gc-sections;-fno-rtti;-fno-exceptions;-fno-threadsafe-statics
Build flags: 
Id flags: -c;-I__does_not_exist__ 

The output was:
The system cannot find the file specified


Checking whether the CXX compiler is IAR using "" did not match "IAR .+ Compiler":
Checking whether the CXX compiler is IAR using "" did not match "IAR .+ Compiler":
