c:\git\stm32_bear\visualgdb\debug\stm32_bear.link.rsp
c:\git\stm32_bear\visualgdb\debug\stm32_bear.bin
c:\git\stm32_bear\visualgdb\debug\stm32_bear.alldeps
c:\git\stm32_bear\visualgdb\debug\stm32_bear
c:\git\stm32_bear\visualgdb\debug\stm32_bear.mkbin.rsp
c:\git\stm32_bear\visualgdb\debug\lib\src\apds9960.o
c:\git\stm32_bear\visualgdb\debug\lib\src\bme280.o
c:\git\stm32_bear\visualgdb\debug\lib\src\bmp085.o
c:\git\stm32_bear\visualgdb\debug\lib\src\bmp280.o
c:\git\stm32_bear\visualgdb\debug\lib\src\dfplayer.o
c:\git\stm32_bear\visualgdb\debug\lib\src\flash_page_f1.o
c:\git\stm32_bear\visualgdb\debug\lib\src\hmc5883l.o
c:\git\stm32_bear\visualgdb\debug\lib\src\i2cdev.o
c:\git\stm32_bear\visualgdb\debug\lib\src\mpu6050.o
c:\git\stm32_bear\visualgdb\debug\lib\src\apds9960.dep
c:\git\stm32_bear\visualgdb\debug\lib\src\bme280.dep
c:\git\stm32_bear\visualgdb\debug\lib\src\bmp085.dep
c:\git\stm32_bear\visualgdb\debug\lib\src\bmp280.dep
c:\git\stm32_bear\visualgdb\debug\lib\src\dfplayer.dep
c:\git\stm32_bear\visualgdb\debug\lib\src\flash_page_f1.dep
c:\git\stm32_bear\visualgdb\debug\lib\src\hmc5883l.dep
c:\git\stm32_bear\visualgdb\debug\lib\src\i2cdev.dep
c:\git\stm32_bear\visualgdb\debug\lib\src\mpu6050.dep
c:\git\stm32_bear\visualgdb\debug\lib\src\apds9960.gcc.rsp
c:\git\stm32_bear\visualgdb\debug\lib\src\bme280.gcc.rsp
c:\git\stm32_bear\visualgdb\debug\lib\src\bmp085.gcc.rsp
c:\git\stm32_bear\visualgdb\debug\lib\src\bmp280.gcc.rsp
c:\git\stm32_bear\visualgdb\debug\lib\src\dfplayer.gcc.rsp
c:\git\stm32_bear\visualgdb\debug\lib\src\flash_page_f1.gcc.rsp
c:\git\stm32_bear\visualgdb\debug\lib\src\hmc5883l.gcc.rsp
c:\git\stm32_bear\visualgdb\debug\lib\src\i2cdev.gcc.rsp
c:\git\stm32_bear\visualgdb\debug\lib\src\mpu6050.gcc.rsp
c:\git\stm32_bear\visualgdb\debug\startup\startup_stm32f103t8ux.o
c:\git\stm32_bear\visualgdb\debug\startup\startup_stm32f103t8ux.dep
c:\git\stm32_bear\visualgdb\debug\startup\startup_stm32f103t8ux.gcc.rsp
c:\git\stm32_bear\visualgdb\debug\src\main.o
c:\git\stm32_bear\visualgdb\debug\src\stm32f1xx_hal_msp.o
c:\git\stm32_bear\visualgdb\debug\src\stm32f1xx_it.o
c:\git\stm32_bear\visualgdb\debug\src\syscalls.o
c:\git\stm32_bear\visualgdb\debug\src\sysmem.o
c:\git\stm32_bear\visualgdb\debug\src\system_stm32f1xx.o
c:\git\stm32_bear\visualgdb\debug\src\main.dep
c:\git\stm32_bear\visualgdb\debug\src\stm32f1xx_hal_msp.dep
c:\git\stm32_bear\visualgdb\debug\src\stm32f1xx_it.dep
c:\git\stm32_bear\visualgdb\debug\src\syscalls.dep
c:\git\stm32_bear\visualgdb\debug\src\sysmem.dep
c:\git\stm32_bear\visualgdb\debug\src\system_stm32f1xx.dep
c:\git\stm32_bear\visualgdb\debug\src\main.gcc.rsp
c:\git\stm32_bear\visualgdb\debug\src\stm32f1xx_hal_msp.gcc.rsp
c:\git\stm32_bear\visualgdb\debug\src\stm32f1xx_it.gcc.rsp
c:\git\stm32_bear\visualgdb\debug\src\syscalls.gcc.rsp
c:\git\stm32_bear\visualgdb\debug\src\sysmem.gcc.rsp
c:\git\stm32_bear\visualgdb\debug\src\system_stm32f1xx.gcc.rsp
c:\git\stm32_bear\visualgdb\debug\drivers\stm32f1xx_hal_driver\src\stm32f1xx_hal.o
c:\git\stm32_bear\visualgdb\debug\drivers\stm32f1xx_hal_driver\src\stm32f1xx_hal_cortex.o
c:\git\stm32_bear\visualgdb\debug\drivers\stm32f1xx_hal_driver\src\stm32f1xx_hal_dma.o
c:\git\stm32_bear\visualgdb\debug\drivers\stm32f1xx_hal_driver\src\stm32f1xx_hal_exti.o
c:\git\stm32_bear\visualgdb\debug\drivers\stm32f1xx_hal_driver\src\stm32f1xx_hal_flash.o
c:\git\stm32_bear\visualgdb\debug\drivers\stm32f1xx_hal_driver\src\stm32f1xx_hal_flash_ex.o
c:\git\stm32_bear\visualgdb\debug\drivers\stm32f1xx_hal_driver\src\stm32f1xx_hal_gpio.o
c:\git\stm32_bear\visualgdb\debug\drivers\stm32f1xx_hal_driver\src\stm32f1xx_hal_gpio_ex.o
c:\git\stm32_bear\visualgdb\debug\drivers\stm32f1xx_hal_driver\src\stm32f1xx_hal_i2c.o
c:\git\stm32_bear\visualgdb\debug\drivers\stm32f1xx_hal_driver\src\stm32f1xx_hal_pwr.o
c:\git\stm32_bear\visualgdb\debug\drivers\stm32f1xx_hal_driver\src\stm32f1xx_hal_rcc.o
c:\git\stm32_bear\visualgdb\debug\drivers\stm32f1xx_hal_driver\src\stm32f1xx_hal_rcc_ex.o
c:\git\stm32_bear\visualgdb\debug\drivers\stm32f1xx_hal_driver\src\stm32f1xx_hal_tim.o
c:\git\stm32_bear\visualgdb\debug\drivers\stm32f1xx_hal_driver\src\stm32f1xx_hal_tim_ex.o
c:\git\stm32_bear\visualgdb\debug\drivers\stm32f1xx_hal_driver\src\stm32f1xx_hal_uart.o
c:\git\stm32_bear\visualgdb\debug\drivers\stm32f1xx_hal_driver\src\stm32f1xx_hal.dep
c:\git\stm32_bear\visualgdb\debug\drivers\stm32f1xx_hal_driver\src\stm32f1xx_hal_cortex.dep
c:\git\stm32_bear\visualgdb\debug\drivers\stm32f1xx_hal_driver\src\stm32f1xx_hal_dma.dep
c:\git\stm32_bear\visualgdb\debug\drivers\stm32f1xx_hal_driver\src\stm32f1xx_hal_exti.dep
c:\git\stm32_bear\visualgdb\debug\drivers\stm32f1xx_hal_driver\src\stm32f1xx_hal_flash.dep
c:\git\stm32_bear\visualgdb\debug\drivers\stm32f1xx_hal_driver\src\stm32f1xx_hal_flash_ex.dep
c:\git\stm32_bear\visualgdb\debug\drivers\stm32f1xx_hal_driver\src\stm32f1xx_hal_gpio.dep
c:\git\stm32_bear\visualgdb\debug\drivers\stm32f1xx_hal_driver\src\stm32f1xx_hal_gpio_ex.dep
c:\git\stm32_bear\visualgdb\debug\drivers\stm32f1xx_hal_driver\src\stm32f1xx_hal_i2c.dep
c:\git\stm32_bear\visualgdb\debug\drivers\stm32f1xx_hal_driver\src\stm32f1xx_hal_pwr.dep
c:\git\stm32_bear\visualgdb\debug\drivers\stm32f1xx_hal_driver\src\stm32f1xx_hal_rcc.dep
c:\git\stm32_bear\visualgdb\debug\drivers\stm32f1xx_hal_driver\src\stm32f1xx_hal_rcc_ex.dep
c:\git\stm32_bear\visualgdb\debug\drivers\stm32f1xx_hal_driver\src\stm32f1xx_hal_tim.dep
c:\git\stm32_bear\visualgdb\debug\drivers\stm32f1xx_hal_driver\src\stm32f1xx_hal_tim_ex.dep
c:\git\stm32_bear\visualgdb\debug\drivers\stm32f1xx_hal_driver\src\stm32f1xx_hal_uart.dep
c:\git\stm32_bear\visualgdb\debug\drivers\stm32f1xx_hal_driver\src\stm32f1xx_hal.gcc.rsp
c:\git\stm32_bear\visualgdb\debug\drivers\stm32f1xx_hal_driver\src\stm32f1xx_hal_cortex.gcc.rsp
c:\git\stm32_bear\visualgdb\debug\drivers\stm32f1xx_hal_driver\src\stm32f1xx_hal_dma.gcc.rsp
c:\git\stm32_bear\visualgdb\debug\drivers\stm32f1xx_hal_driver\src\stm32f1xx_hal_exti.gcc.rsp
c:\git\stm32_bear\visualgdb\debug\drivers\stm32f1xx_hal_driver\src\stm32f1xx_hal_flash.gcc.rsp
c:\git\stm32_bear\visualgdb\debug\drivers\stm32f1xx_hal_driver\src\stm32f1xx_hal_flash_ex.gcc.rsp
c:\git\stm32_bear\visualgdb\debug\drivers\stm32f1xx_hal_driver\src\stm32f1xx_hal_gpio.gcc.rsp
c:\git\stm32_bear\visualgdb\debug\drivers\stm32f1xx_hal_driver\src\stm32f1xx_hal_gpio_ex.gcc.rsp
c:\git\stm32_bear\visualgdb\debug\drivers\stm32f1xx_hal_driver\src\stm32f1xx_hal_i2c.gcc.rsp
c:\git\stm32_bear\visualgdb\debug\drivers\stm32f1xx_hal_driver\src\stm32f1xx_hal_pwr.gcc.rsp
c:\git\stm32_bear\visualgdb\debug\drivers\stm32f1xx_hal_driver\src\stm32f1xx_hal_rcc.gcc.rsp
c:\git\stm32_bear\visualgdb\debug\drivers\stm32f1xx_hal_driver\src\stm32f1xx_hal_rcc_ex.gcc.rsp
c:\git\stm32_bear\visualgdb\debug\drivers\stm32f1xx_hal_driver\src\stm32f1xx_hal_tim.gcc.rsp
c:\git\stm32_bear\visualgdb\debug\drivers\stm32f1xx_hal_driver\src\stm32f1xx_hal_tim_ex.gcc.rsp
c:\git\stm32_bear\visualgdb\debug\drivers\stm32f1xx_hal_driver\src\stm32f1xx_hal_uart.gcc.rsp
