Added Component: Designator=IC2(QFN50P600X600X100-37N-D)
Add component. Clean all parameters for all variants
Add component (AddParameter): Name = "Allied_Number"; Value = "70391018"; VariantName = "[No Variations]"
Add component (AddParameter): Name = "Allied Price/Stock"; Value = "http://www.alliedelec.com/stmicroelectronics-stm32f103t8u6/70391018/"; VariantName = "[No Variations]"
Add component (AddParameter): Name = "Datasheet Link"; Value = "http://www.st.com/st-web-ui/static/active/en/resource/technical/document/datasheet/CD00161566.pdf"; VariantName = "[No Variations]"
Add component (AddParameter): Name = "Height"; Value = "1mm"; VariantName = "[No Variations]"
Add component (AddParameter): Name = "Manufacturer_Name"; Value = "STMicroelectronics"; VariantName = "[No Variations]"
Add component (AddParameter): Name = "Manufacturer_Part_Number"; Value = "STM32F103T8U6"; VariantName = "[No Variations]"
Add component (AddParameter): Name = "Mouser Part Number"; Value = "511-STM32F103T8U6"; VariantName = "[No Variations]"
Add component (AddParameter): Name = "Mouser Price/Stock"; Value = "https://www.mouser.com/Search/Refine.aspx?Keyword=511-STM32F103T8U6"; VariantName = "[No Variations]"
Add component (AddParameter): Name = "RS Part Number"; Value = "7249612P"; VariantName = "[No Variations]"
Add component (AddParameter): Name = "RS Price/Stock"; Value = "http://uk.rs-online.com/web/p/products/7249612P"; VariantName = "[No Variations]"
Added Pin To Net: NetName=+3.3V Pin=IC2-1
Added Pin To Net: NetName=OSC_IN Pin=IC2-2
Added Pin To Net: NetName=OSC_OUT Pin=IC2-3
Added Pin To Net: NetName=RST Pin=IC2-4
Added Pin To Net: NetName=GND Pin=IC2-5
Added Pin To Net: NetName=+3.3V Pin=IC2-6
Added Pin To Net: NetName=SPI_SCK Pin=IC2-12
Added Pin To Net: NetName=SPI_MISO Pin=IC2-13
Added Pin To Net: NetName=SPI_MOSI Pin=IC2-14
Added Pin To Net: NetName=GND Pin=IC2-18
Added Pin To Net: NetName=+3.3V Pin=IC2-19
Added Pin To Net: NetName=SWDIO Pin=IC2-25
Added Pin To Net: NetName=GND Pin=IC2-26
Added Pin To Net: NetName=+3.3V Pin=IC2-27
Added Pin To Net: NetName=SWCLK Pin=IC2-28
Added Pin To Net: NetName=I2C_SCL Pin=IC2-33
Added Pin To Net: NetName=I2C_SDA Pin=IC2-34
Added Pin To Net: NetName=BOOT0 Pin=IC2-35
Added Pin To Net: NetName=GND Pin=IC2-36
Added Pin To Net: NetName=GND Pin=IC2-37
Added Member To Class: ClassName=Main Member=Component IC2 STM32F103T8U6
Added Room: Name=Main
