Added Component: Designator=J4(B3BXHAMLFSN)
Add component. Clean all parameters for all variants
Add component (AddParameter): Name = "Datasheet Link"; Value = "http://www.jst-mfg.com/product/pdf/eng/eXH.pdf"; VariantName = "[No Variations]"
Add component (AddParameter): Name = "Height"; Value = "7mm"; VariantName = "[No Variations]"
Add component (AddParameter): Name = "Manufacturer_Name"; Value = "JST (JAPAN SOLDERLESS TERMINALS)"; VariantName = "[No Variations]"
Add component (AddParameter): Name = "Manufacturer_Part_Number"; Value = "B3B-XH-AM(LF)(SN)"; VariantName = "[No Variations]"
Add component (AddParameter): Name = "Mouser Part Number"; Value = ""; VariantName = "[No Variations]"
Add component (AddParameter): Name = "Mouser Price/Stock"; Value = ""; VariantName = "[No Variations]"
Add component (AddParameter): Name = "RS Part Number"; Value = ""; VariantName = "[No Variations]"
Add component (AddParameter): Name = "RS Price/Stock"; Value = ""; VariantName = "[No Variations]"
Added Component: Designator=R6(RESC2012X65N)
Add component. Clean all parameters for all variants
Add component (AddParameter): Name = "Allied_Number"; Value = "70286772"; VariantName = "[No Variations]"
Add component (AddParameter): Name = "Allied Price/Stock"; Value = "https://www.alliedelec.com/te-connectivity-cpf0805b100ke/70286772/"; VariantName = "[No Variations]"
Add component (AddParameter): Name = "Datasheet Link"; Value = "http://docs-europe.electrocomponents.com/webdocs/13d1/0900766b813d116f.pdf"; VariantName = "[No Variations]"
Add component (AddParameter): Name = "Height"; Value = "0.65mm"; VariantName = "[No Variations]"
Add component (AddParameter): Name = "Manufacturer_Name"; Value = "TE Connectivity"; VariantName = "[No Variations]"
Add component (AddParameter): Name = "Manufacturer_Part_Number"; Value = "CPF0805B100KE"; VariantName = "[No Variations]"
Add component (AddParameter): Name = "Mouser Part Number"; Value = "279-CPF0805B100KE"; VariantName = "[No Variations]"
Add component (AddParameter): Name = "Mouser Price/Stock"; Value = "https://www.mouser.com/Search/Refine.aspx?Keyword=279-CPF0805B100KE"; VariantName = "[No Variations]"
Add component (AddParameter): Name = "RS Part Number"; Value = "6662673"; VariantName = "[No Variations]"
Add component (AddParameter): Name = "RS Price/Stock"; Value = "https://uk.rs-online.com/web/p/products/6662673"; VariantName = "[No Variations]"
Added Component: Designator=R7(RESC2012X65N)
Add component. Clean all parameters for all variants
Add component (AddParameter): Name = "Allied_Number"; Value = "70286772"; VariantName = "[No Variations]"
Add component (AddParameter): Name = "Allied Price/Stock"; Value = "https://www.alliedelec.com/te-connectivity-cpf0805b100ke/70286772/"; VariantName = "[No Variations]"
Add component (AddParameter): Name = "Datasheet Link"; Value = "http://docs-europe.electrocomponents.com/webdocs/13d1/0900766b813d116f.pdf"; VariantName = "[No Variations]"
Add component (AddParameter): Name = "Height"; Value = "0.65mm"; VariantName = "[No Variations]"
Add component (AddParameter): Name = "Manufacturer_Name"; Value = "TE Connectivity"; VariantName = "[No Variations]"
Add component (AddParameter): Name = "Manufacturer_Part_Number"; Value = "CPF0805B100KE"; VariantName = "[No Variations]"
Add component (AddParameter): Name = "Mouser Part Number"; Value = "279-CPF0805B100KE"; VariantName = "[No Variations]"
Add component (AddParameter): Name = "Mouser Price/Stock"; Value = "https://www.mouser.com/Search/Refine.aspx?Keyword=279-CPF0805B100KE"; VariantName = "[No Variations]"
Add component (AddParameter): Name = "RS Part Number"; Value = "6662673"; VariantName = "[No Variations]"
Add component (AddParameter): Name = "RS Price/Stock"; Value = "https://uk.rs-online.com/web/p/products/6662673"; VariantName = "[No Variations]"
Added Component: Designator=U1(DIPS1778W50P254L2100H170Q16N)
Add component. Clean all parameters for all variants
Add component (AddParameter): Name = "Datasheet Link"; Value = "https://github.com/Arduinolibrary/DFPlayer_Mini_mp3/raw/master/DFPlayer%20Mini%20Manual.pdf"; VariantName = "[No Variations]"
Add component (AddParameter): Name = "Height"; Value = "1.7mm"; VariantName = "[No Variations]"
Add component (AddParameter): Name = "Manufacturer_Name"; Value = "DFRobot"; VariantName = "[No Variations]"
Add component (AddParameter): Name = "Manufacturer_Part_Number"; Value = "DFR0299"; VariantName = "[No Variations]"
Add component (AddParameter): Name = "Mouser Part Number"; Value = "426-DFR0299"; VariantName = "[No Variations]"
Add component (AddParameter): Name = "Mouser Price/Stock"; Value = "https://www.mouser.com/Search/Refine.aspx?Keyword=426-DFR0299"; VariantName = "[No Variations]"
Add component (AddParameter): Name = "RS Part Number"; Value = ""; VariantName = "[No Variations]"
Add component (AddParameter): Name = "RS Price/Stock"; Value = ""; VariantName = "[No Variations]"
Added Pin To Net: NetName=GND Pin=J4-2
Added Pin To Net: NetName=+3.3V Pin=U1-1
Added Pin To Net: NetName=GND Pin=U1-7
Added Pin To Net: NetName=GND Pin=U1-10
Added Pin To Net: NetName=DF_BUSY Pin=U1-16
Added Net: Name=DF_BUSY
Added Pin To Net: NetName=DF_RX_RAW Pin=R6-2
Added Pin To Net: NetName=DF_RX_RAW Pin=U1-2
Added Net: Name=DF_RX_RAW
Added Pin To Net: NetName=DF_RX Pin=IC2-21
Added Pin To Net: NetName=DF_RX Pin=R6-1
Added Net: Name=DF_RX
Added Pin To Net: NetName=DF_TX_RAW Pin=R7-2
Added Pin To Net: NetName=DF_TX_RAW Pin=U1-3
Added Net: Name=DF_TX_RAW
Added Pin To Net: NetName=DF_TX Pin=IC2-22
Added Pin To Net: NetName=DF_TX Pin=R7-1
Added Net: Name=DF_TX
Added Pin To Net: NetName=NetJ4_1 Pin=J4-1
Added Pin To Net: NetName=NetJ4_1 Pin=U1-4
Added Net: Name=NetJ4_1
Added Pin To Net: NetName=NetJ4_3 Pin=J4-3
Added Pin To Net: NetName=NetJ4_3 Pin=U1-5
Added Net: Name=NetJ4_3
Added Member To Class: ClassName=Main Member=Component J4 B3B-XH-AM
Added Member To Class: ClassName=Main Member=Component R6 10k_0805
Added Member To Class: ClassName=Main Member=Component R7 10k_0805
Added Member To Class: ClassName=Main Member=Component U1 DFR0299
Added Room: Name=Main
